生成启动时间为 2023/7/14 12:42:50。
     1>项目“F:\Projects\俄罗斯方块\Tetris\Tetris\Tetris.vcxproj”在节点 2 上(build 个目标)。
     1>InitializeBuildStatus:
         正在创建“Debug\Tetris.unsuccessfulbuild”，因为已指定“AlwaysCreate”。
       ClCompile:
         D:\Program Files (x86)\Microsoft Visual Studio 10.0\VC\bin\CL.exe /c /ZI /nologo /W3 /WX- /Od /Oy- /D _MBCS /Gm /EHsc /RTC1 /MDd /GS /fp:precise /Zc:wchar_t /Zc:forScope /Fo"Debug\\" /Fd"Debug\vc100.pdb" /Gd /TP /analyze- /errorReport:prompt Block.cpp
         Block.cpp
       Link:
         D:\Program Files (x86)\Microsoft Visual Studio 10.0\VC\bin\link.exe /ERRORREPORT:PROMPT /OUT:"F:\Projects\俄罗斯方块\Tetris\Debug\Tetris.exe" /NOLOGO kernel32.lib user32.lib gdi32.lib winspool.lib comdlg32.lib advapi32.lib shell32.lib ole32.lib oleaut32.lib uuid.lib odbc32.lib odbccp32.lib /MANIFEST /ManifestFile:"Debug\Tetris.exe.intermediate.manifest" /MANIFESTUAC:"level='asInvoker' uiAccess='false'" /DEBUG /PDB:"F:\Projects\俄罗斯方块\Tetris\Debug\Tetris.pdb" /TLBID:1 /DYNAMICBASE /NXCOMPAT /IMPLIB:"F:\Projects\俄罗斯方块\Tetris\Debug\Tetris.lib" /MACHINE:X86 Debug\Block.obj
         Debug\main.obj
         Debug\Tetris.obj
         LINK : 没有找到 F:\Projects\俄罗斯方块\Tetris\Debug\Tetris.exe 或上一个增量链接没有生成它；正在执行完全链接
         Tetris.vcxproj -> F:\Projects\俄罗斯方块\Tetris\Debug\Tetris.exe
       Manifest:
         C:\Program Files (x86)\Microsoft SDKs\Windows\v7.0A\bin\mt.exe /nologo /verbose /outputresource:"F:\Projects\俄罗斯方块\Tetris\Debug\Tetris.exe;#1" /manifest Debug\Tetris.exe.intermediate.manifest
       FinalizeBuildStatus:
         正在删除文件“Debug\Tetris.unsuccessfulbuild”。
         正在对“Debug\Tetris.lastbuildstate”执行 Touch 任务。
     1>已完成生成项目“F:\Projects\俄罗斯方块\Tetris\Tetris\Tetris.vcxproj”(build 个目标)的操作。

生成成功。

已用时间 00:00:10.98
